<?xml version="1.0" encoding="UTF-8"?>
<testng-results ignored="0" total="1" passed="1" failed="0" skipped="0">
  <reporter-output>
  </reporter-output>
  <suite started-at="2022-02-03T13:45:22 CST" name="Default suite" finished-at="2022-02-03T13:45:37 CST" duration-ms="15176">
    <groups>
    </groups>
    <test started-at="2022-02-03T13:45:22 CST" name="Default test" finished-at="2022-02-03T13:45:37 CST" duration-ms="15176">
      <class name="Calculator.Addition">
        <test-method is-config="true" signature="openCalculator()[pri:0, instance:Calculator.Addition@5e316c74]" started-at="2022-02-03T13:45:22 CST" name="openCalculator" finished-at="2022-02-03T13:45:34 CST" duration-ms="11702" status="PASS">
          <reporter-output>
          </reporter-output>
        </test-method> <!-- openCalculator -->
        <test-method signature="twoPlusThree()[pri:0, instance:Calculator.Addition@5e316c74]" started-at="2022-02-03T13:45:34 CST" name="twoPlusThree" finished-at="2022-02-03T13:45:37 CST" duration-ms="3453" status="PASS">
          <reporter-output>
          </reporter-output>
        </test-method> <!-- twoPlusThree -->
      </class> <!-- Calculator.Addition -->
    </test> <!-- Default test -->
  </suite> <!-- Default suite -->
</testng-results>
